{"/Users/JacksonYin/Desktop/Javascript/E-commerce/client/src/components/cart-dropdown/cart-dropdown.component.jsx": {"path":"/Users/JacksonYin/Desktop/Javascript/E-commerce/client/src/components/cart-dropdown/cart-dropdown.component.jsx","statementMap":{"0":{"start":{"line":17,"column":21},"end":{"line":49,"column":1}},"1":{"start":{"line":21,"column":22},"end":{"line":21,"column":50}},"2":{"start":{"line":25,"column":21},"end":{"line":25,"column":34}},"3":{"start":{"line":26,"column":20},"end":{"line":26,"column":32}},"4":{"start":{"line":28,"column":4},"end":{"line":48,"column":6}},"5":{"start":{"line":34,"column":24},"end":{"line":34,"column":73}},"6":{"start":{"line":42,"column":16},"end":{"line":42,"column":42}},"7":{"start":{"line":43,"column":16},"end":{"line":43,"column":45}}},"fnMap":{"0":{"name":"(anonymous_0)","decl":{"start":{"line":17,"column":21},"end":{"line":17,"column":22}},"loc":{"start":{"line":17,"column":27},"end":{"line":49,"column":1}},"line":17},"1":{"name":"(anonymous_1)","decl":{"start":{"line":33,"column":34},"end":{"line":33,"column":35}},"loc":{"start":{"line":34,"column":24},"end":{"line":34,"column":73}},"line":34},"2":{"name":"(anonymous_2)","decl":{"start":{"line":41,"column":44},"end":{"line":41,"column":45}},"loc":{"start":{"line":41,"column":50},"end":{"line":44,"column":13}},"line":41}},"branchMap":{"0":{"loc":{"start":{"line":31,"column":17},"end":{"line":38,"column":44}},"type":"cond-expr","locations":[{"start":{"line":33,"column":20},"end":{"line":34,"column":75}},{"start":{"line":36,"column":20},"end":{"line":38,"column":44}}],"line":31}},"s":{"0":2,"1":5,"2":5,"3":5,"4":5,"5":0,"6":0,"7":0},"f":{"0":5,"1":0,"2":0},"b":{"0":[0,0]},"_coverageSchema":"43e27e138ebf9cfc5966b082cf9a028302ed4184","hash":"6f92fec78488efc5c2730cc307b1a909bcfb6694"}
,"/Users/JacksonYin/Desktop/Javascript/E-commerce/client/src/components/cart-dropdown/cart-dropdown.styles.jsx": {"path":"/Users/JacksonYin/Desktop/Javascript/E-commerce/client/src/components/cart-dropdown/cart-dropdown.styles.jsx","statementMap":{"0":{"start":{"line":6,"column":37},"end":{"line":18,"column":1}},"1":{"start":{"line":21,"column":34},"end":{"line":26,"column":1}},"2":{"start":{"line":29,"column":37},"end":{"line":32,"column":1}},"3":{"start":{"line":33,"column":0},"end":{"line":33,"column":60}},"4":{"start":{"line":36,"column":37},"end":{"line":38,"column":1}},"5":{"start":{"line":39,"column":0},"end":{"line":39,"column":60}}},"fnMap":{},"branchMap":{},"s":{"0":2,"1":2,"2":2,"3":2,"4":2,"5":2},"f":{},"b":{},"_coverageSchema":"43e27e138ebf9cfc5966b082cf9a028302ed4184","hash":"d8f60e0fd963f847eedd2bf31a90acf765010221"}
,"/Users/JacksonYin/Desktop/Javascript/E-commerce/client/src/components/cart-icon /cart-icon.component.jsx": {"path":"/Users/JacksonYin/Desktop/Javascript/E-commerce/client/src/components/cart-icon /cart-icon.component.jsx","statementMap":{"0":{"start":{"line":11,"column":17},"end":{"line":28,"column":1}},"1":{"start":{"line":15,"column":22},"end":{"line":15,"column":55}},"2":{"start":{"line":19,"column":21},"end":{"line":19,"column":34}},"3":{"start":{"line":22,"column":4},"end":{"line":27,"column":6}},"4":{"start":{"line":23,"column":42},"end":{"line":23,"column":70}}},"fnMap":{"0":{"name":"(anonymous_0)","decl":{"start":{"line":11,"column":17},"end":{"line":11,"column":18}},"loc":{"start":{"line":11,"column":23},"end":{"line":28,"column":1}},"line":11},"1":{"name":"(anonymous_1)","decl":{"start":{"line":23,"column":36},"end":{"line":23,"column":37}},"loc":{"start":{"line":23,"column":42},"end":{"line":23,"column":70}},"line":23}},"branchMap":{},"s":{"0":2,"1":3,"2":3,"3":3,"4":0},"f":{"0":3,"1":0},"b":{},"_coverageSchema":"43e27e138ebf9cfc5966b082cf9a028302ed4184","hash":"2e79e68ab9dcd4dac3d67bcc2dc1422389c0283b"}
,"/Users/JacksonYin/Desktop/Javascript/E-commerce/client/src/components/cart-icon /cart-icon.styles.jsx": {"path":"/Users/JacksonYin/Desktop/Javascript/E-commerce/client/src/components/cart-icon /cart-icon.styles.jsx","statementMap":{"0":{"start":{"line":6,"column":33},"end":{"line":14,"column":1}},"1":{"start":{"line":15,"column":0},"end":{"line":15,"column":52}},"2":{"start":{"line":18,"column":37},"end":{"line":21,"column":1}},"3":{"start":{"line":24,"column":34},"end":{"line":29,"column":1}},"4":{"start":{"line":30,"column":0},"end":{"line":30,"column":54}}},"fnMap":{},"branchMap":{},"s":{"0":2,"1":2,"2":2,"3":2,"4":2},"f":{},"b":{},"_coverageSchema":"43e27e138ebf9cfc5966b082cf9a028302ed4184","hash":"ad92d6513223d26f2e343fbd9e1cb0a2f5036ccf"}
,"/Users/JacksonYin/Desktop/Javascript/E-commerce/client/src/components/checkout-item/checkout-item.component.jsx": {"path":"/Users/JacksonYin/Desktop/Javascript/E-commerce/client/src/components/checkout-item/checkout-item.component.jsx","statementMap":{"0":{"start":{"line":12,"column":21},"end":{"line":36,"column":2}},"1":{"start":{"line":13,"column":48},"end":{"line":13,"column":56}},"2":{"start":{"line":15,"column":21},"end":{"line":15,"column":34}},"3":{"start":{"line":18,"column":4},"end":{"line":36,"column":1}},"4":{"start":{"line":25,"column":36},"end":{"line":25,"column":66}},"5":{"start":{"line":29,"column":36},"end":{"line":29,"column":63}},"6":{"start":{"line":34,"column":50},"end":{"line":34,"column":80}}},"fnMap":{"0":{"name":"(anonymous_0)","decl":{"start":{"line":12,"column":21},"end":{"line":12,"column":22}},"loc":{"start":{"line":12,"column":39},"end":{"line":36,"column":2}},"line":12},"1":{"name":"(anonymous_1)","decl":{"start":{"line":25,"column":30},"end":{"line":25,"column":31}},"loc":{"start":{"line":25,"column":36},"end":{"line":25,"column":66}},"line":25},"2":{"name":"(anonymous_2)","decl":{"start":{"line":29,"column":30},"end":{"line":29,"column":31}},"loc":{"start":{"line":29,"column":36},"end":{"line":29,"column":63}},"line":29},"3":{"name":"(anonymous_3)","decl":{"start":{"line":34,"column":44},"end":{"line":34,"column":45}},"loc":{"start":{"line":34,"column":50},"end":{"line":34,"column":80}},"line":34}},"branchMap":{},"s":{"0":2,"1":6,"2":6,"3":6,"4":0,"5":0,"6":0},"f":{"0":6,"1":0,"2":0,"3":0},"b":{},"_coverageSchema":"43e27e138ebf9cfc5966b082cf9a028302ed4184","hash":"c94072cfbf707e099c079be7f489f23633c284b4"}
,"/Users/JacksonYin/Desktop/Javascript/E-commerce/client/src/components/checkout-item/checkout-item.styles.jsx": {"path":"/Users/JacksonYin/Desktop/Javascript/E-commerce/client/src/components/checkout-item/checkout-item.styles.jsx","statementMap":{"0":{"start":{"line":5,"column":37},"end":{"line":13,"column":1}},"1":{"start":{"line":16,"column":30},"end":{"line":24,"column":1}},"2":{"start":{"line":27,"column":29},"end":{"line":29,"column":1}},"3":{"start":{"line":32,"column":33},"end":{"line":42,"column":1}},"4":{"start":{"line":43,"column":0},"end":{"line":43,"column":52}},"5":{"start":{"line":46,"column":37},"end":{"line":49,"column":1}},"6":{"start":{"line":50,"column":0},"end":{"line":50,"column":60}}},"fnMap":{},"branchMap":{},"s":{"0":2,"1":2,"2":2,"3":2,"4":2,"5":2,"6":2},"f":{},"b":{},"_coverageSchema":"43e27e138ebf9cfc5966b082cf9a028302ed4184","hash":"c9649b976510f349c191ec773ad1a264988589cb"}
,"/Users/JacksonYin/Desktop/Javascript/E-commerce/client/src/components/collection-item/collection-item.component.jsx": {"path":"/Users/JacksonYin/Desktop/Javascript/E-commerce/client/src/components/collection-item/collection-item.component.jsx","statementMap":{"0":{"start":{"line":15,"column":23},"end":{"line":34,"column":2}},"1":{"start":{"line":16,"column":38},"end":{"line":16,"column":42}},"2":{"start":{"line":18,"column":21},"end":{"line":18,"column":34}},"3":{"start":{"line":21,"column":4},"end":{"line":34,"column":1}},"4":{"start":{"line":30,"column":56},"end":{"line":30,"column":79}}},"fnMap":{"0":{"name":"(anonymous_0)","decl":{"start":{"line":15,"column":23},"end":{"line":15,"column":24}},"loc":{"start":{"line":15,"column":37},"end":{"line":34,"column":2}},"line":15},"1":{"name":"(anonymous_1)","decl":{"start":{"line":30,"column":50},"end":{"line":30,"column":51}},"loc":{"start":{"line":30,"column":56},"end":{"line":30,"column":79}},"line":30}},"branchMap":{},"s":{"0":5,"1":5,"2":5,"3":5,"4":0},"f":{"0":5,"1":0},"b":{},"_coverageSchema":"43e27e138ebf9cfc5966b082cf9a028302ed4184","hash":"332c006e8ad558b64fd4e5592125f30a52d40c07"}
,"/Users/JacksonYin/Desktop/Javascript/E-commerce/client/src/components/collection-item/collection-styles.styles.jsx": {"path":"/Users/JacksonYin/Desktop/Javascript/E-commerce/client/src/components/collection-item/collection-styles.styles.jsx","statementMap":{"0":{"start":{"line":6,"column":39},"end":{"line":35,"column":1}},"1":{"start":{"line":38,"column":30},"end":{"line":45,"column":1}},"2":{"start":{"line":44,"column":40},"end":{"line":44,"column":58}},"3":{"start":{"line":46,"column":0},"end":{"line":46,"column":46}},"4":{"start":{"line":49,"column":41},"end":{"line":55,"column":1}},"5":{"start":{"line":58,"column":29},"end":{"line":61,"column":1}},"6":{"start":{"line":62,"column":0},"end":{"line":62,"column":44}},"7":{"start":{"line":65,"column":30},"end":{"line":68,"column":1}},"8":{"start":{"line":69,"column":0},"end":{"line":69,"column":46}},"9":{"start":{"line":72,"column":34},"end":{"line":85,"column":1}},"10":{"start":{"line":86,"column":0},"end":{"line":86,"column":54}}},"fnMap":{"0":{"name":"(anonymous_0)","decl":{"start":{"line":44,"column":22},"end":{"line":44,"column":23}},"loc":{"start":{"line":44,"column":40},"end":{"line":44,"column":58}},"line":44}},"branchMap":{},"s":{"0":5,"1":5,"2":0,"3":5,"4":5,"5":5,"6":5,"7":5,"8":5,"9":5,"10":5},"f":{"0":0},"b":{},"_coverageSchema":"43e27e138ebf9cfc5966b082cf9a028302ed4184","hash":"ecafb6f202a70e94a91f01f2cb83632057fa1302"}
,"/Users/JacksonYin/Desktop/Javascript/E-commerce/client/src/components/collection-preview/collection-preview.component.jsx": {"path":"/Users/JacksonYin/Desktop/Javascript/E-commerce/client/src/components/collection-preview/collection-preview.component.jsx","statementMap":{"0":{"start":{"line":10,"column":26},"end":{"line":23,"column":1}},"1":{"start":{"line":11,"column":4},"end":{"line":22,"column":33}},"2":{"start":{"line":12,"column":39},"end":{"line":12,"column":81}},"3":{"start":{"line":17,"column":43},"end":{"line":17,"column":52}},"4":{"start":{"line":19,"column":20},"end":{"line":19,"column":64}}},"fnMap":{"0":{"name":"(anonymous_0)","decl":{"start":{"line":10,"column":26},"end":{"line":10,"column":27}},"loc":{"start":{"line":11,"column":4},"end":{"line":22,"column":33}},"line":11},"1":{"name":"(anonymous_1)","decl":{"start":{"line":12,"column":33},"end":{"line":12,"column":34}},"loc":{"start":{"line":12,"column":39},"end":{"line":12,"column":81}},"line":12},"2":{"name":"(anonymous_2)","decl":{"start":{"line":17,"column":26},"end":{"line":17,"column":27}},"loc":{"start":{"line":17,"column":43},"end":{"line":17,"column":52}},"line":17},"3":{"name":"(anonymous_3)","decl":{"start":{"line":18,"column":21},"end":{"line":18,"column":22}},"loc":{"start":{"line":19,"column":20},"end":{"line":19,"column":64}},"line":19}},"branchMap":{},"s":{"0":3,"1":0,"2":0,"3":0,"4":0},"f":{"0":0,"1":0,"2":0,"3":0},"b":{},"_coverageSchema":"43e27e138ebf9cfc5966b082cf9a028302ed4184","hash":"bb7a461b784f0ff00849787841cba11903e4ac29"}
,"/Users/JacksonYin/Desktop/Javascript/E-commerce/client/src/components/collection-preview/collection-preview.styles.jsx": {"path":"/Users/JacksonYin/Desktop/Javascript/E-commerce/client/src/components/collection-preview/collection-preview.styles.jsx","statementMap":{"0":{"start":{"line":5,"column":42},"end":{"line":13,"column":1}},"1":{"start":{"line":16,"column":30},"end":{"line":24,"column":1}},"2":{"start":{"line":25,"column":0},"end":{"line":25,"column":46}},"3":{"start":{"line":28,"column":32},"end":{"line":37,"column":1}}},"fnMap":{},"branchMap":{},"s":{"0":3,"1":3,"2":3,"3":3},"f":{},"b":{},"_coverageSchema":"43e27e138ebf9cfc5966b082cf9a028302ed4184","hash":"3ad551585fbebddb32b5a09f1ed35a44da782c2e"}
,"/Users/JacksonYin/Desktop/Javascript/E-commerce/client/src/components/collections-overview/collections-overview.component.jsx": {"path":"/Users/JacksonYin/Desktop/Javascript/E-commerce/client/src/components/collections-overview/collections-overview.component.jsx","statementMap":{"0":{"start":{"line":9,"column":28},"end":{"line":25,"column":1}},"1":{"start":{"line":13,"column":24},"end":{"line":13,"column":63}},"2":{"start":{"line":16,"column":4},"end":{"line":24,"column":6}},"3":{"start":{"line":21,"column":16},"end":{"line":21,"column":62}}},"fnMap":{"0":{"name":"(anonymous_0)","decl":{"start":{"line":9,"column":28},"end":{"line":9,"column":29}},"loc":{"start":{"line":9,"column":34},"end":{"line":25,"column":1}},"line":9},"1":{"name":"(anonymous_1)","decl":{"start":{"line":20,"column":29},"end":{"line":20,"column":30}},"loc":{"start":{"line":21,"column":16},"end":{"line":21,"column":62}},"line":21}},"branchMap":{},"s":{"0":2,"1":1,"2":1,"3":0},"f":{"0":1,"1":0},"b":{},"_coverageSchema":"43e27e138ebf9cfc5966b082cf9a028302ed4184","hash":"cc0e0170ecf7a36f0e66f52215ae12fcb5134926"}
,"/Users/JacksonYin/Desktop/Javascript/E-commerce/client/src/components/custom-button/custom-button.component.jsx": {"path":"/Users/JacksonYin/Desktop/Javascript/E-commerce/client/src/components/custom-button/custom-button.component.jsx","statementMap":{"0":{"start":{"line":6,"column":21},"end":{"line":13,"column":1}},"1":{"start":{"line":7,"column":4},"end":{"line":12,"column":28}}},"fnMap":{"0":{"name":"(anonymous_0)","decl":{"start":{"line":6,"column":21},"end":{"line":6,"column":22}},"loc":{"start":{"line":7,"column":4},"end":{"line":12,"column":28}},"line":7}},"branchMap":{},"s":{"0":9,"1":1},"f":{"0":1},"b":{},"_coverageSchema":"43e27e138ebf9cfc5966b082cf9a028302ed4184","hash":"dfb8cea1f9f530df3ea51ae6cc8c0a6c05f255f1"}
,"/Users/JacksonYin/Desktop/Javascript/E-commerce/client/src/components/directory/directory.component.jsx": {"path":"/Users/JacksonYin/Desktop/Javascript/E-commerce/client/src/components/directory/directory.component.jsx","statementMap":{"0":{"start":{"line":9,"column":18},"end":{"line":26,"column":1}},"1":{"start":{"line":13,"column":21},"end":{"line":13,"column":57}},"2":{"start":{"line":16,"column":4},"end":{"line":25,"column":6}},"3":{"start":{"line":22,"column":16},"end":{"line":22,"column":53}}},"fnMap":{"0":{"name":"(anonymous_0)","decl":{"start":{"line":9,"column":18},"end":{"line":9,"column":19}},"loc":{"start":{"line":9,"column":24},"end":{"line":26,"column":1}},"line":9},"1":{"name":"(anonymous_1)","decl":{"start":{"line":21,"column":26},"end":{"line":21,"column":27}},"loc":{"start":{"line":22,"column":16},"end":{"line":22,"column":53}},"line":22}},"branchMap":{},"s":{"0":2,"1":2,"2":2,"3":0},"f":{"0":2,"1":0},"b":{},"_coverageSchema":"43e27e138ebf9cfc5966b082cf9a028302ed4184","hash":"9e47b740918a0b9fc05ac74c0200a6fca4b2e5b4"}
,"/Users/JacksonYin/Desktop/Javascript/E-commerce/client/src/components/form-input/form-input.component.jsx": {"path":"/Users/JacksonYin/Desktop/Javascript/E-commerce/client/src/components/form-input/form-input.component.jsx","statementMap":{"0":{"start":{"line":5,"column":18},"end":{"line":11,"column":1}},"1":{"start":{"line":6,"column":4},"end":{"line":10,"column":21}}},"fnMap":{"0":{"name":"(anonymous_0)","decl":{"start":{"line":5,"column":18},"end":{"line":5,"column":19}},"loc":{"start":{"line":6,"column":4},"end":{"line":10,"column":21}},"line":6}},"branchMap":{"0":{"loc":{"start":{"line":9,"column":9},"end":{"line":9,"column":136}},"type":"cond-expr","locations":[{"start":{"line":9,"column":18},"end":{"line":9,"column":128}},{"start":{"line":9,"column":132},"end":{"line":9,"column":136}}],"line":9},"1":{"loc":{"start":{"line":9,"column":54},"end":{"line":9,"column":93}},"type":"cond-expr","locations":[{"start":{"line":9,"column":80},"end":{"line":9,"column":88}},{"start":{"line":9,"column":91},"end":{"line":9,"column":93}}],"line":9}},"s":{"0":2,"1":5},"f":{"0":5},"b":{"0":[0,0],"1":[0,0]},"_coverageSchema":"43e27e138ebf9cfc5966b082cf9a028302ed4184","hash":"3b09e892c9eb4de4ea9fdd9cf7163bf1c3511dd9"}
,"/Users/JacksonYin/Desktop/Javascript/E-commerce/client/src/components/form-input/form-input.styles.jsx": {"path":"/Users/JacksonYin/Desktop/Javascript/E-commerce/client/src/components/form-input/form-input.styles.jsx","statementMap":{"0":{"start":{"line":5,"column":17},"end":{"line":5,"column":23}},"1":{"start":{"line":6,"column":18},"end":{"line":6,"column":25}},"2":{"start":{"line":10,"column":26},"end":{"line":14,"column":1}},"3":{"start":{"line":18,"column":30},"end":{"line":25,"column":1}},"4":{"start":{"line":28,"column":34},"end":{"line":47,"column":1}},"5":{"start":{"line":48,"column":0},"end":{"line":48,"column":54}},"6":{"start":{"line":51,"column":39},"end":{"line":64,"column":1}},"7":{"start":{"line":65,"column":0},"end":{"line":65,"column":64}}},"fnMap":{},"branchMap":{},"s":{"0":2,"1":2,"2":2,"3":2,"4":2,"5":2,"6":2,"7":2},"f":{},"b":{},"_coverageSchema":"43e27e138ebf9cfc5966b082cf9a028302ed4184","hash":"9612e07607fbf01ce49f5fd2002b5713d168e7e6"}
,"/Users/JacksonYin/Desktop/Javascript/E-commerce/client/src/components/header/header.styles.jsx": {"path":"/Users/JacksonYin/Desktop/Javascript/E-commerce/client/src/components/header/header.styles.jsx","statementMap":{"0":{"start":{"line":6,"column":31},"end":{"line":19,"column":1}},"1":{"start":{"line":22,"column":29},"end":{"line":31,"column":1}},"2":{"start":{"line":34,"column":32},"end":{"line":44,"column":1}},"3":{"start":{"line":47,"column":35},"end":{"line":50,"column":1}},"4":{"start":{"line":51,"column":0},"end":{"line":51,"column":56}}},"fnMap":{},"branchMap":{},"s":{"0":1,"1":1,"2":1,"3":1,"4":1},"f":{},"b":{},"_coverageSchema":"43e27e138ebf9cfc5966b082cf9a028302ed4184","hash":"c6f6c266d9d1279b8b5b5aa8d9c2b696df25dd20"}
,"/Users/JacksonYin/Desktop/Javascript/E-commerce/client/src/components/menu-item/menu-item.component.jsx": {"path":"/Users/JacksonYin/Desktop/Javascript/E-commerce/client/src/components/menu-item/menu-item.component.jsx","statementMap":{"0":{"start":{"line":15,"column":17},"end":{"line":24,"column":1}},"1":{"start":{"line":16,"column":4},"end":{"line":23,"column":24}},"2":{"start":{"line":16,"column":50},"end":{"line":16,"column":88}}},"fnMap":{"0":{"name":"(anonymous_0)","decl":{"start":{"line":15,"column":17},"end":{"line":15,"column":18}},"loc":{"start":{"line":16,"column":4},"end":{"line":23,"column":24}},"line":16},"1":{"name":"(anonymous_1)","decl":{"start":{"line":16,"column":44},"end":{"line":16,"column":45}},"loc":{"start":{"line":16,"column":50},"end":{"line":16,"column":88}},"line":16}},"branchMap":{},"s":{"0":3,"1":0,"2":0},"f":{"0":0,"1":0},"b":{},"_coverageSchema":"43e27e138ebf9cfc5966b082cf9a028302ed4184","hash":"7afe72151a258fce7a847472c65b9433659a7140"}
,"/Users/JacksonYin/Desktop/Javascript/E-commerce/client/src/components/menu-item/menu-item.styles.jsx": {"path":"/Users/JacksonYin/Desktop/Javascript/E-commerce/client/src/components/menu-item/menu-item.styles.jsx","statementMap":{"0":{"start":{"line":5,"column":33},"end":{"line":40,"column":1}},"1":{"start":{"line":6,"column":27},"end":{"line":6,"column":51}},"2":{"start":{"line":41,"column":0},"end":{"line":41,"column":52}},"3":{"start":{"line":44,"column":40},"end":{"line":50,"column":1}},"4":{"start":{"line":49,"column":40},"end":{"line":49,"column":58}},"5":{"start":{"line":51,"column":0},"end":{"line":51,"column":66}},"6":{"start":{"line":54,"column":32},"end":{"line":65,"column":1}},"7":{"start":{"line":68,"column":30},"end":{"line":73,"column":1}},"8":{"start":{"line":76,"column":33},"end":{"line":79,"column":1}}},"fnMap":{"0":{"name":"(anonymous_0)","decl":{"start":{"line":6,"column":12},"end":{"line":6,"column":13}},"loc":{"start":{"line":6,"column":27},"end":{"line":6,"column":51}},"line":6},"1":{"name":"(anonymous_1)","decl":{"start":{"line":49,"column":22},"end":{"line":49,"column":23}},"loc":{"start":{"line":49,"column":40},"end":{"line":49,"column":58}},"line":49}},"branchMap":{"0":{"loc":{"start":{"line":6,"column":27},"end":{"line":6,"column":51}},"type":"cond-expr","locations":[{"start":{"line":6,"column":34},"end":{"line":6,"column":41}},{"start":{"line":6,"column":44},"end":{"line":6,"column":51}}],"line":6}},"s":{"0":3,"1":0,"2":3,"3":3,"4":0,"5":3,"6":3,"7":3,"8":3},"f":{"0":0,"1":0},"b":{"0":[0,0]},"_coverageSchema":"43e27e138ebf9cfc5966b082cf9a028302ed4184","hash":"83f8e422f9149eeb7acdc1a0ff2f2a9275c5c1e8"}
,"/Users/JacksonYin/Desktop/Javascript/E-commerce/client/src/components/sign-in/sign-in.component.jsx": {"path":"/Users/JacksonYin/Desktop/Javascript/E-commerce/client/src/components/sign-in/sign-in.component.jsx","statementMap":{"0":{"start":{"line":9,"column":15},"end":{"line":71,"column":1}},"1":{"start":{"line":11,"column":50},"end":{"line":14,"column":6}},"2":{"start":{"line":18,"column":21},"end":{"line":18,"column":34}},"3":{"start":{"line":24,"column":25},"end":{"line":30,"column":5}},"4":{"start":{"line":26,"column":32},"end":{"line":26,"column":44}},"5":{"start":{"line":29,"column":8},"end":{"line":29,"column":66}},"6":{"start":{"line":33,"column":32},"end":{"line":33,"column":47}},"7":{"start":{"line":34,"column":25},"end":{"line":40,"column":5}},"8":{"start":{"line":36,"column":8},"end":{"line":36,"column":31}},"9":{"start":{"line":39,"column":8},"end":{"line":39,"column":73}},"10":{"start":{"line":44,"column":4},"end":{"line":70,"column":6}},"11":{"start":{"line":64,"column":63},"end":{"line":64,"column":92}}},"fnMap":{"0":{"name":"(anonymous_0)","decl":{"start":{"line":9,"column":15},"end":{"line":9,"column":16}},"loc":{"start":{"line":9,"column":21},"end":{"line":71,"column":1}},"line":9},"1":{"name":"(anonymous_1)","decl":{"start":{"line":24,"column":25},"end":{"line":24,"column":26}},"loc":{"start":{"line":24,"column":34},"end":{"line":30,"column":5}},"line":24},"2":{"name":"(anonymous_2)","decl":{"start":{"line":34,"column":25},"end":{"line":34,"column":26}},"loc":{"start":{"line":34,"column":40},"end":{"line":40,"column":5}},"line":34},"3":{"name":"(anonymous_3)","decl":{"start":{"line":64,"column":57},"end":{"line":64,"column":58}},"loc":{"start":{"line":64,"column":63},"end":{"line":64,"column":92}},"line":64}},"branchMap":{},"s":{"0":1,"1":0,"2":0,"3":0,"4":0,"5":0,"6":0,"7":0,"8":0,"9":0,"10":0,"11":0},"f":{"0":0,"1":0,"2":0,"3":0},"b":{},"_coverageSchema":"43e27e138ebf9cfc5966b082cf9a028302ed4184","hash":"7b2b4274e1609c9930766bb59d216a809de4c8ca"}
,"/Users/JacksonYin/Desktop/Javascript/E-commerce/client/src/components/sign-up/sign-up.component.jsx": {"path":"/Users/JacksonYin/Desktop/Javascript/E-commerce/client/src/components/sign-up/sign-up.component.jsx","statementMap":{"0":{"start":{"line":9,"column":16},"end":{"line":86,"column":1}},"1":{"start":{"line":11,"column":50},"end":{"line":16,"column":6}},"2":{"start":{"line":20,"column":21},"end":{"line":20,"column":34}},"3":{"start":{"line":26,"column":25},"end":{"line":30,"column":5}},"4":{"start":{"line":27,"column":32},"end":{"line":27,"column":44}},"5":{"start":{"line":29,"column":8},"end":{"line":29,"column":66}},"6":{"start":{"line":33,"column":62},"end":{"line":33,"column":77}},"7":{"start":{"line":34,"column":25},"end":{"line":49,"column":5}},"8":{"start":{"line":36,"column":8},"end":{"line":36,"column":31}},"9":{"start":{"line":38,"column":8},"end":{"line":42,"column":9}},"10":{"start":{"line":40,"column":12},"end":{"line":40,"column":42}},"11":{"start":{"line":41,"column":12},"end":{"line":41,"column":19}},"12":{"start":{"line":44,"column":8},"end":{"line":48,"column":12}},"13":{"start":{"line":53,"column":4},"end":{"line":85,"column":6}}},"fnMap":{"0":{"name":"(anonymous_0)","decl":{"start":{"line":9,"column":16},"end":{"line":9,"column":17}},"loc":{"start":{"line":9,"column":22},"end":{"line":86,"column":1}},"line":9},"1":{"name":"(anonymous_1)","decl":{"start":{"line":26,"column":25},"end":{"line":26,"column":26}},"loc":{"start":{"line":26,"column":34},"end":{"line":30,"column":5}},"line":26},"2":{"name":"(anonymous_2)","decl":{"start":{"line":34,"column":25},"end":{"line":34,"column":26}},"loc":{"start":{"line":34,"column":40},"end":{"line":49,"column":5}},"line":34}},"branchMap":{"0":{"loc":{"start":{"line":38,"column":8},"end":{"line":42,"column":9}},"type":"if","locations":[{"start":{"line":38,"column":8},"end":{"line":42,"column":9}},{"start":{"line":38,"column":8},"end":{"line":42,"column":9}}],"line":38}},"s":{"0":1,"1":0,"2":0,"3":0,"4":0,"5":0,"6":0,"7":0,"8":0,"9":0,"10":0,"11":0,"12":0,"13":0},"f":{"0":0,"1":0,"2":0},"b":{"0":[0,0]},"_coverageSchema":"43e27e138ebf9cfc5966b082cf9a028302ed4184","hash":"13ed143f44eaa38034f48a4d1974172c9fe0ca67"}
,"/Users/JacksonYin/Desktop/Javascript/E-commerce/client/src/components/stripe-button/stripe-button.component.jsx": {"path":"/Users/JacksonYin/Desktop/Javascript/E-commerce/client/src/components/stripe-button/stripe-button.component.jsx","statementMap":{"0":{"start":{"line":6,"column":29},"end":{"line":43,"column":1}},"1":{"start":{"line":7,"column":27},"end":{"line":7,"column":38}},"2":{"start":{"line":8,"column":27},"end":{"line":8,"column":136}},"3":{"start":{"line":10,"column":20},"end":{"line":26,"column":5}},"4":{"start":{"line":11,"column":8},"end":{"line":25,"column":15}},"5":{"start":{"line":19,"column":25},"end":{"line":19,"column":52}},"6":{"start":{"line":21,"column":16},"end":{"line":21,"column":52}},"7":{"start":{"line":22,"column":16},"end":{"line":24,"column":18}},"8":{"start":{"line":29,"column":4},"end":{"line":42,"column":6}}},"fnMap":{"0":{"name":"(anonymous_0)","decl":{"start":{"line":6,"column":29},"end":{"line":6,"column":30}},"loc":{"start":{"line":6,"column":44},"end":{"line":43,"column":1}},"line":6},"1":{"name":"(anonymous_1)","decl":{"start":{"line":10,"column":20},"end":{"line":10,"column":21}},"loc":{"start":{"line":10,"column":29},"end":{"line":26,"column":5}},"line":10},"2":{"name":"(anonymous_2)","decl":{"start":{"line":19,"column":18},"end":{"line":19,"column":19}},"loc":{"start":{"line":19,"column":25},"end":{"line":19,"column":52}},"line":19},"3":{"name":"(anonymous_3)","decl":{"start":{"line":20,"column":19},"end":{"line":20,"column":20}},"loc":{"start":{"line":20,"column":26},"end":{"line":25,"column":13}},"line":20}},"branchMap":{},"s":{"0":1,"1":0,"2":0,"3":0,"4":0,"5":0,"6":0,"7":0,"8":0},"f":{"0":0,"1":0,"2":0,"3":0},"b":{},"_coverageSchema":"43e27e138ebf9cfc5966b082cf9a028302ed4184","hash":"7dfc35fc9ca5f64a752efc8f5b4fc54d0a0566f4"}
,"/Users/JacksonYin/Desktop/Javascript/E-commerce/client/src/components/with-spinner/spinner.component.jsx": {"path":"/Users/JacksonYin/Desktop/Javascript/E-commerce/client/src/components/with-spinner/spinner.component.jsx","statementMap":{"0":{"start":{"line":5,"column":16},"end":{"line":9,"column":1}},"1":{"start":{"line":6,"column":4},"end":{"line":8,"column":30}}},"fnMap":{"0":{"name":"(anonymous_0)","decl":{"start":{"line":5,"column":16},"end":{"line":5,"column":17}},"loc":{"start":{"line":6,"column":4},"end":{"line":8,"column":30}},"line":6}},"branchMap":{},"s":{"0":1,"1":0},"f":{"0":0},"b":{},"_coverageSchema":"43e27e138ebf9cfc5966b082cf9a028302ed4184","hash":"7edce9f539ca7d613827774ce4182a64c167e0fb"}
,"/Users/JacksonYin/Desktop/Javascript/E-commerce/client/src/pages/checkout/checkout.component.jsx": {"path":"/Users/JacksonYin/Desktop/Javascript/E-commerce/client/src/pages/checkout/checkout.component.jsx","statementMap":{"0":{"start":{"line":15,"column":21},"end":{"line":63,"column":1}},"1":{"start":{"line":20,"column":22},"end":{"line":20,"column":50}},"2":{"start":{"line":22,"column":18},"end":{"line":22,"column":51}},"3":{"start":{"line":25,"column":4},"end":{"line":62,"column":6}},"4":{"start":{"line":47,"column":16},"end":{"line":47,"column":70}}},"fnMap":{"0":{"name":"(anonymous_0)","decl":{"start":{"line":15,"column":21},"end":{"line":15,"column":22}},"loc":{"start":{"line":15,"column":27},"end":{"line":63,"column":1}},"line":15},"1":{"name":"(anonymous_1)","decl":{"start":{"line":46,"column":27},"end":{"line":46,"column":28}},"loc":{"start":{"line":47,"column":16},"end":{"line":47,"column":70}},"line":47}},"branchMap":{},"s":{"0":1,"1":3,"2":3,"3":3,"4":0},"f":{"0":3,"1":0},"b":{},"_coverageSchema":"43e27e138ebf9cfc5966b082cf9a028302ed4184","hash":"fb5762f1b0e64e945424eda0f4606a9a6b3d56ec"}
,"/Users/JacksonYin/Desktop/Javascript/E-commerce/client/src/pages/checkout/checkout.styles.jsx": {"path":"/Users/JacksonYin/Desktop/Javascript/E-commerce/client/src/pages/checkout/checkout.styles.jsx","statementMap":{"0":{"start":{"line":5,"column":37},"end":{"line":17,"column":1}},"1":{"start":{"line":20,"column":39},"end":{"line":26,"column":1}},"2":{"start":{"line":29,"column":36},"end":{"line":36,"column":1}},"3":{"start":{"line":39,"column":30},"end":{"line":43,"column":1}},"4":{"start":{"line":44,"column":0},"end":{"line":44,"column":46}},"5":{"start":{"line":47,"column":32},"end":{"line":52,"column":1}}},"fnMap":{},"branchMap":{},"s":{"0":1,"1":1,"2":1,"3":1,"4":1,"5":1},"f":{},"b":{},"_coverageSchema":"43e27e138ebf9cfc5966b082cf9a028302ed4184","hash":"6e8814bf30db344e7a87c77f19551eb8b01c23c1"}
,"/Users/JacksonYin/Desktop/Javascript/E-commerce/client/src/pages/collection/collection.component.jsx": {"path":"/Users/JacksonYin/Desktop/Javascript/E-commerce/client/src/pages/collection/collection.component.jsx","statementMap":{"0":{"start":{"line":9,"column":23},"end":{"line":25,"column":2}},"1":{"start":{"line":10,"column":29},"end":{"line":10,"column":40}},"2":{"start":{"line":13,"column":23},"end":{"line":13,"column":66}},"3":{"start":{"line":14,"column":29},"end":{"line":14,"column":39}},"4":{"start":{"line":16,"column":4},"end":{"line":25,"column":1}},"5":{"start":{"line":21,"column":20},"end":{"line":21,"column":64}}},"fnMap":{"0":{"name":"(anonymous_0)","decl":{"start":{"line":9,"column":23},"end":{"line":9,"column":24}},"loc":{"start":{"line":9,"column":29},"end":{"line":25,"column":2}},"line":9},"1":{"name":"(anonymous_1)","decl":{"start":{"line":20,"column":27},"end":{"line":20,"column":28}},"loc":{"start":{"line":21,"column":20},"end":{"line":21,"column":64}},"line":21}},"branchMap":{},"s":{"0":2,"1":2,"2":2,"3":2,"4":2,"5":0},"f":{"0":2,"1":0},"b":{},"_coverageSchema":"43e27e138ebf9cfc5966b082cf9a028302ed4184","hash":"64e933ecacd89dc740894a7e64a5be4e7ca6cd96"}
,"/Users/JacksonYin/Desktop/Javascript/E-commerce/client/src/pages/homepage/homepage.component.jsx": {"path":"/Users/JacksonYin/Desktop/Javascript/E-commerce/client/src/pages/homepage/homepage.component.jsx","statementMap":{"0":{"start":{"line":7,"column":17},"end":{"line":11,"column":1}},"1":{"start":{"line":8,"column":4},"end":{"line":10,"column":24}}},"fnMap":{"0":{"name":"(anonymous_0)","decl":{"start":{"line":7,"column":17},"end":{"line":7,"column":18}},"loc":{"start":{"line":8,"column":4},"end":{"line":10,"column":24}},"line":8}},"branchMap":{},"s":{"0":1,"1":1},"f":{"0":1},"b":{},"_coverageSchema":"43e27e138ebf9cfc5966b082cf9a028302ed4184","hash":"e7ff27532047e91154e5cabd975cf61820cea622"}
,"/Users/JacksonYin/Desktop/Javascript/E-commerce/client/src/pages/shop/shop.component.jsx": {"path":"/Users/JacksonYin/Desktop/Javascript/E-commerce/client/src/pages/shop/shop.component.jsx","statementMap":{"0":{"start":{"line":10,"column":17},"end":{"line":32,"column":1}},"1":{"start":{"line":12,"column":21},"end":{"line":12,"column":34}},"2":{"start":{"line":18,"column":4},"end":{"line":20,"column":19}},"3":{"start":{"line":19,"column":8},"end":{"line":19,"column":42}},"4":{"start":{"line":24,"column":4},"end":{"line":31,"column":6}}},"fnMap":{"0":{"name":"(anonymous_0)","decl":{"start":{"line":10,"column":17},"end":{"line":10,"column":18}},"loc":{"start":{"line":10,"column":32},"end":{"line":32,"column":1}},"line":10},"1":{"name":"(anonymous_1)","decl":{"start":{"line":18,"column":14},"end":{"line":18,"column":15}},"loc":{"start":{"line":18,"column":20},"end":{"line":20,"column":5}},"line":18}},"branchMap":{},"s":{"0":1,"1":2,"2":2,"3":0,"4":2},"f":{"0":2,"1":0},"b":{},"_coverageSchema":"43e27e138ebf9cfc5966b082cf9a028302ed4184","hash":"42c05e2d87161257818a5451bbbd38de43e63ee5"}
}
