TN:
SF:/Users/JacksonYin/Desktop/Javascript/E-commerce/client/src/components/cart-dropdown/cart-dropdown.component.jsx
FN:17,(anonymous_0)
FN:33,(anonymous_1)
FN:41,(anonymous_2)
FNF:3
FNH:1
FNDA:5,(anonymous_0)
FNDA:0,(anonymous_1)
FNDA:0,(anonymous_2)
DA:17,2
DA:21,5
DA:25,5
DA:26,5
DA:28,5
DA:34,0
DA:42,0
DA:43,0
LF:8
LH:5
BRDA:31,0,0,0
BRDA:31,0,1,0
BRF:2
BRH:0
end_of_record
TN:
SF:/Users/JacksonYin/Desktop/Javascript/E-commerce/client/src/components/cart-dropdown/cart-dropdown.styles.jsx
FNF:0
FNH:0
DA:6,2
DA:21,2
DA:29,2
DA:33,2
DA:36,2
DA:39,2
LF:6
LH:6
BRF:0
BRH:0
end_of_record
TN:
SF:/Users/JacksonYin/Desktop/Javascript/E-commerce/client/src/components/cart-icon /cart-icon.component.jsx
FN:11,(anonymous_0)
FN:23,(anonymous_1)
FNF:2
FNH:1
FNDA:3,(anonymous_0)
FNDA:0,(anonymous_1)
DA:11,2
DA:15,3
DA:19,3
DA:22,3
DA:23,0
LF:5
LH:4
BRF:0
BRH:0
end_of_record
TN:
SF:/Users/JacksonYin/Desktop/Javascript/E-commerce/client/src/components/cart-icon /cart-icon.styles.jsx
FNF:0
FNH:0
DA:6,2
DA:15,2
DA:18,2
DA:24,2
DA:30,2
LF:5
LH:5
BRF:0
BRH:0
end_of_record
TN:
SF:/Users/JacksonYin/Desktop/Javascript/E-commerce/client/src/components/checkout-item/checkout-item.component.jsx
FN:12,(anonymous_0)
FN:25,(anonymous_1)
FN:29,(anonymous_2)
FN:34,(anonymous_3)
FNF:4
FNH:1
FNDA:6,(anonymous_0)
FNDA:0,(anonymous_1)
FNDA:0,(anonymous_2)
FNDA:0,(anonymous_3)
DA:12,2
DA:13,6
DA:15,6
DA:18,6
DA:25,0
DA:29,0
DA:34,0
LF:7
LH:4
BRF:0
BRH:0
end_of_record
TN:
SF:/Users/JacksonYin/Desktop/Javascript/E-commerce/client/src/components/checkout-item/checkout-item.styles.jsx
FNF:0
FNH:0
DA:5,2
DA:16,2
DA:27,2
DA:32,2
DA:43,2
DA:46,2
DA:50,2
LF:7
LH:7
BRF:0
BRH:0
end_of_record
TN:
SF:/Users/JacksonYin/Desktop/Javascript/E-commerce/client/src/components/collection-item/collection-item.component.jsx
FN:15,(anonymous_0)
FN:30,(anonymous_1)
FNF:2
FNH:1
FNDA:5,(anonymous_0)
FNDA:0,(anonymous_1)
DA:15,5
DA:16,5
DA:18,5
DA:21,5
DA:30,0
LF:5
LH:4
BRF:0
BRH:0
end_of_record
TN:
SF:/Users/JacksonYin/Desktop/Javascript/E-commerce/client/src/components/collection-item/collection-styles.styles.jsx
FN:44,(anonymous_0)
FNF:1
FNH:0
FNDA:0,(anonymous_0)
DA:6,5
DA:38,5
DA:44,0
DA:46,5
DA:49,5
DA:58,5
DA:62,5
DA:65,5
DA:69,5
DA:72,5
DA:86,5
LF:11
LH:10
BRF:0
BRH:0
end_of_record
TN:
SF:/Users/JacksonYin/Desktop/Javascript/E-commerce/client/src/components/collection-preview/collection-preview.component.jsx
FN:10,(anonymous_0)
FN:12,(anonymous_1)
FN:17,(anonymous_2)
FN:18,(anonymous_3)
FNF:4
FNH:0
FNDA:0,(anonymous_0)
FNDA:0,(anonymous_1)
FNDA:0,(anonymous_2)
FNDA:0,(anonymous_3)
DA:10,3
DA:11,0
DA:12,0
DA:17,0
DA:19,0
LF:5
LH:1
BRF:0
BRH:0
end_of_record
TN:
SF:/Users/JacksonYin/Desktop/Javascript/E-commerce/client/src/components/collection-preview/collection-preview.styles.jsx
FNF:0
FNH:0
DA:5,3
DA:16,3
DA:25,3
DA:28,3
LF:4
LH:4
BRF:0
BRH:0
end_of_record
TN:
SF:/Users/JacksonYin/Desktop/Javascript/E-commerce/client/src/components/collections-overview/collections-overview.component.jsx
FN:9,(anonymous_0)
FN:20,(anonymous_1)
FNF:2
FNH:1
FNDA:1,(anonymous_0)
FNDA:0,(anonymous_1)
DA:9,2
DA:13,1
DA:16,1
DA:21,0
LF:4
LH:3
BRF:0
BRH:0
end_of_record
TN:
SF:/Users/JacksonYin/Desktop/Javascript/E-commerce/client/src/components/custom-button/custom-button.component.jsx
FN:6,(anonymous_0)
FNF:1
FNH:1
FNDA:1,(anonymous_0)
DA:6,9
DA:7,1
LF:2
LH:2
BRF:0
BRH:0
end_of_record
TN:
SF:/Users/JacksonYin/Desktop/Javascript/E-commerce/client/src/components/directory/directory.component.jsx
FN:9,(anonymous_0)
FN:21,(anonymous_1)
FNF:2
FNH:1
FNDA:2,(anonymous_0)
FNDA:0,(anonymous_1)
DA:9,2
DA:13,2
DA:16,2
DA:22,0
LF:4
LH:3
BRF:0
BRH:0
end_of_record
TN:
SF:/Users/JacksonYin/Desktop/Javascript/E-commerce/client/src/components/form-input/form-input.component.jsx
FN:5,(anonymous_0)
FNF:1
FNH:1
FNDA:5,(anonymous_0)
DA:5,2
DA:6,5
LF:2
LH:2
BRDA:9,0,0,0
BRDA:9,0,1,0
BRDA:9,1,0,0
BRDA:9,1,1,0
BRF:4
BRH:0
end_of_record
TN:
SF:/Users/JacksonYin/Desktop/Javascript/E-commerce/client/src/components/form-input/form-input.styles.jsx
FNF:0
FNH:0
DA:5,2
DA:6,2
DA:10,2
DA:18,2
DA:28,2
DA:48,2
DA:51,2
DA:65,2
LF:8
LH:8
BRF:0
BRH:0
end_of_record
TN:
SF:/Users/JacksonYin/Desktop/Javascript/E-commerce/client/src/components/header/header.styles.jsx
FNF:0
FNH:0
DA:6,1
DA:22,1
DA:34,1
DA:47,1
DA:51,1
LF:5
LH:5
BRF:0
BRH:0
end_of_record
TN:
SF:/Users/JacksonYin/Desktop/Javascript/E-commerce/client/src/components/menu-item/menu-item.component.jsx
FN:15,(anonymous_0)
FN:16,(anonymous_1)
FNF:2
FNH:0
FNDA:0,(anonymous_0)
FNDA:0,(anonymous_1)
DA:15,3
DA:16,0
LF:2
LH:1
BRF:0
BRH:0
end_of_record
TN:
SF:/Users/JacksonYin/Desktop/Javascript/E-commerce/client/src/components/menu-item/menu-item.styles.jsx
FN:6,(anonymous_0)
FN:49,(anonymous_1)
FNF:2
FNH:0
FNDA:0,(anonymous_0)
FNDA:0,(anonymous_1)
DA:5,3
DA:6,0
DA:41,3
DA:44,3
DA:49,0
DA:51,3
DA:54,3
DA:68,3
DA:76,3
LF:9
LH:7
BRDA:6,0,0,0
BRDA:6,0,1,0
BRF:2
BRH:0
end_of_record
TN:
SF:/Users/JacksonYin/Desktop/Javascript/E-commerce/client/src/components/sign-in/sign-in.component.jsx
FN:9,(anonymous_0)
FN:24,(anonymous_1)
FN:34,(anonymous_2)
FN:64,(anonymous_3)
FNF:4
FNH:0
FNDA:0,(anonymous_0)
FNDA:0,(anonymous_1)
FNDA:0,(anonymous_2)
FNDA:0,(anonymous_3)
DA:9,1
DA:11,0
DA:18,0
DA:24,0
DA:26,0
DA:29,0
DA:33,0
DA:34,0
DA:36,0
DA:39,0
DA:44,0
DA:64,0
LF:12
LH:1
BRF:0
BRH:0
end_of_record
TN:
SF:/Users/JacksonYin/Desktop/Javascript/E-commerce/client/src/components/sign-up/sign-up.component.jsx
FN:9,(anonymous_0)
FN:26,(anonymous_1)
FN:34,(anonymous_2)
FNF:3
FNH:0
FNDA:0,(anonymous_0)
FNDA:0,(anonymous_1)
FNDA:0,(anonymous_2)
DA:9,1
DA:11,0
DA:20,0
DA:26,0
DA:27,0
DA:29,0
DA:33,0
DA:34,0
DA:36,0
DA:38,0
DA:40,0
DA:41,0
DA:44,0
DA:53,0
LF:14
LH:1
BRDA:38,0,0,0
BRDA:38,0,1,0
BRF:2
BRH:0
end_of_record
TN:
SF:/Users/JacksonYin/Desktop/Javascript/E-commerce/client/src/components/stripe-button/stripe-button.component.jsx
FN:6,(anonymous_0)
FN:10,(anonymous_1)
FN:19,(anonymous_2)
FN:20,(anonymous_3)
FNF:4
FNH:0
FNDA:0,(anonymous_0)
FNDA:0,(anonymous_1)
FNDA:0,(anonymous_2)
FNDA:0,(anonymous_3)
DA:6,1
DA:7,0
DA:8,0
DA:10,0
DA:11,0
DA:19,0
DA:21,0
DA:22,0
DA:29,0
LF:9
LH:1
BRF:0
BRH:0
end_of_record
TN:
SF:/Users/JacksonYin/Desktop/Javascript/E-commerce/client/src/components/with-spinner/spinner.component.jsx
FN:5,(anonymous_0)
FNF:1
FNH:0
FNDA:0,(anonymous_0)
DA:5,1
DA:6,0
LF:2
LH:1
BRF:0
BRH:0
end_of_record
TN:
SF:/Users/JacksonYin/Desktop/Javascript/E-commerce/client/src/pages/checkout/checkout.component.jsx
FN:15,(anonymous_0)
FN:46,(anonymous_1)
FNF:2
FNH:1
FNDA:3,(anonymous_0)
FNDA:0,(anonymous_1)
DA:15,1
DA:20,3
DA:22,3
DA:25,3
DA:47,0
LF:5
LH:4
BRF:0
BRH:0
end_of_record
TN:
SF:/Users/JacksonYin/Desktop/Javascript/E-commerce/client/src/pages/checkout/checkout.styles.jsx
FNF:0
FNH:0
DA:5,1
DA:20,1
DA:29,1
DA:39,1
DA:44,1
DA:47,1
LF:6
LH:6
BRF:0
BRH:0
end_of_record
TN:
SF:/Users/JacksonYin/Desktop/Javascript/E-commerce/client/src/pages/collection/collection.component.jsx
FN:9,(anonymous_0)
FN:20,(anonymous_1)
FNF:2
FNH:1
FNDA:2,(anonymous_0)
FNDA:0,(anonymous_1)
DA:9,2
DA:10,2
DA:13,2
DA:14,2
DA:16,2
DA:21,0
LF:6
LH:5
BRF:0
BRH:0
end_of_record
TN:
SF:/Users/JacksonYin/Desktop/Javascript/E-commerce/client/src/pages/homepage/homepage.component.jsx
FN:7,(anonymous_0)
FNF:1
FNH:1
FNDA:1,(anonymous_0)
DA:7,1
DA:8,1
LF:2
LH:2
BRF:0
BRH:0
end_of_record
TN:
SF:/Users/JacksonYin/Desktop/Javascript/E-commerce/client/src/pages/shop/shop.component.jsx
FN:10,(anonymous_0)
FN:18,(anonymous_1)
FNF:2
FNH:1
FNDA:2,(anonymous_0)
FNDA:0,(anonymous_1)
DA:10,1
DA:12,2
DA:18,2
DA:19,0
DA:24,2
LF:5
LH:4
BRF:0
BRH:0
end_of_record
